 
****************************************
Report : area
Design : huffman
Version: T-2022.03
Date   : Thu Mar  2 17:16:34 2023
****************************************

Library(s) Used:

    slow (File: /usr/cad/lib/CBDK_IC_Contest_v2.1/SynopsysDC/db/slow.db)

Number of ports:                          403
Number of nets:                          1936
Number of cells:                         1541
Number of combinational cells:           1239
Number of sequential cells:               293
Number of macros/black boxes:               0
Number of buf/inv:                        240
Number of references:                      52

Combinational area:              10218.347947
Buf/Inv area:                     1025.229582
Noncombinational area:            8427.590876
Macro/Black Box area:                0.000000
Net Interconnect area:          204541.042938

Total cell area:                 18645.938823
Total area:                     223186.981761
1
