 
****************************************
Report : area
Design : DT
Version: T-2022.03
Date   : Thu Feb 23 19:37:27 2023
****************************************

Library(s) Used:

    slow (File: /usr/cad/lib/CBDK_IC_Contest_v2.1/SynopsysDC/db/slow.db)

Number of ports:                          155
Number of nets:                           943
Number of cells:                          748
Number of combinational cells:            664
Number of sequential cells:                78
Number of macros/black boxes:               0
Number of buf/inv:                         92
Number of references:                     113

Combinational area:               6599.491145
Buf/Inv area:                      448.113594
Noncombinational area:            2184.553782
Macro/Black Box area:                0.000000
Net Interconnect area:          101407.175873

Total cell area:                  8784.044926
Total area:                     110191.220799
1
