 
****************************************
Report : area
Design : LASER
Version: T-2022.03
Date   : Wed Mar 29 12:36:28 2023
****************************************

Library(s) Used:

    slow (File: /usr/cad/lib/CBDK_IC_Contest_v2.1/SynopsysDC/db/slow.db)

Number of ports:                           27
Number of nets:                          2219
Number of cells:                         2164
Number of combinational cells:           1783
Number of sequential cells:               381
Number of macros/black boxes:               0
Number of buf/inv:                        304
Number of references:                     167

Combinational area:              21541.703167
Buf/Inv area:                     2805.802205
Noncombinational area:            9833.038349
Macro/Black Box area:                0.000000
Net Interconnect area:          288308.129669

Total cell area:                 31374.741516
Total area:                     319682.871186
1
