 
****************************************
Report : area
Design : LASER
Version: T-2022.03
Date   : Wed Mar 29 16:48:41 2023
****************************************

Library(s) Used:

    slow (File: /usr/cad/lib/CBDK_IC_Contest_v2.1/SynopsysDC/db/slow.db)

Number of ports:                           27
Number of nets:                          3256
Number of cells:                         3239
Number of combinational cells:           2858
Number of sequential cells:               381
Number of macros/black boxes:               0
Number of buf/inv:                        717
Number of references:                     115

Combinational area:              23644.781931
Buf/Inv area:                     3535.684175
Noncombinational area:            9829.643564
Macro/Black Box area:                0.000000
Net Interconnect area:          389295.294312

Total cell area:                 33474.425495
Total area:                     422769.719807
1
