 
****************************************
Report : area
Design : JAM
Version: T-2022.03
Date   : Fri Feb 10 15:48:17 2023
****************************************

Library(s) Used:

    slow (File: /usr/cad/lib/CBDK_IC_Contest_v2.1/SynopsysDC/db/slow.db)

Number of ports:                           62
Number of nets:                          1048
Number of cells:                          996
Number of combinational cells:            932
Number of sequential cells:                62
Number of macros/black boxes:               0
Number of buf/inv:                        165
Number of references:                      96

Combinational area:               7563.614408
Buf/Inv area:                      938.662189
Noncombinational area:            1622.714409
Macro/Black Box area:                0.000000
Net Interconnect area:          128427.306885

Total cell area:                  9186.328817
Total area:                     137613.635702
1
