 
****************************************
Report : area
Design : geofence
Version: T-2022.03
Date   : Thu Mar  2 15:52:45 2023
****************************************

Library(s) Used:

    slow (File: /usr/cad/lib/CBDK_IC_Contest_v2.1/SynopsysDC/db/slow.db)

Number of ports:                           35
Number of nets:                          8012
Number of cells:                         6605
Number of combinational cells:           6304
Number of sequential cells:               293
Number of macros/black boxes:               0
Number of buf/inv:                        945
Number of references:                     151

Combinational area:              82332.387370
Buf/Inv area:                     4375.897151
Noncombinational area:            8181.467886
Macro/Black Box area:                0.000000
Net Interconnect area:          836644.182556

Total cell area:                 90513.855256
Total area:                     927158.037812
1
